<?xml version="1.0" encoding="UTF-8" standalone="no"?>
<testsuite errors="0" failures="10" name="io.cucumber.core.plugin.JUnitFormatter" skipped="0" tests="21" time="297.085">
    <testcase classname="DemoBlaze Buy Function" name="Test Buy PopUp Window" time="14.482">
        <failure message="expected [Place order] but found [Place order&#10;×]" type="java.lang.AssertionError"><![CDATA[Given b-User is into cart...................................................passed
When b-User clicks PlaceOrder...............................................passed
Then b-User Gets Popup For Details..........................................failed

StackTrace:
java.lang.AssertionError: expected [Place order] but found [Place order
×]
	at org.testng.Assert.fail(Assert.java:99)
	at org.testng.Assert.failNotEquals(Assert.java:1037)
	at org.testng.Assert.assertEqualsImpl(Assert.java:140)
	at org.testng.Assert.assertEquals(Assert.java:122)
	at org.testng.Assert.assertEquals(Assert.java:629)
	at org.testng.Assert.assertEquals(Assert.java:639)
	at StepDefinition.BuyStepDef.buser_gets_popup_for_details(BuyStepDef.java:33)
	at ✽.b-User Gets Popup For Details(file:///C:/Users/admin/IdeaProjects/DemoBlaze/src/test/java/Feature/Buy.feature:8)
]]></failure>
    </testcase>
    <testcase classname="DemoBlaze Buy Function" name="Test online Payment Function" time="7.748">
        <failure message="The scenario has pending or undefined step(s)" type="java.lang.Exception"><![CDATA[Given b-User is on cart and Clicks PlaceOrder...............................passed
When b-User Enters Rishab India Mumbai 123456789 April 22...................passed
And b-User Clicks Purchase..................................................passed
Then b-Validate successful purchase.........................................undefined
]]></failure>
    </testcase>
    <testcase classname="DemoBlaze Buy Function" name="Test online Payment Function 2" time="7.798">
        <failure message="The scenario has pending or undefined step(s)" type="java.lang.Exception"><![CDATA[Given b-User is on cart and Clicks PlaceOrder...............................passed
When b-User Enters Alex USA New York 123456789 January 24...................passed
And b-User Clicks Purchase..................................................passed
Then b-Validate successful purchase.........................................undefined
]]></failure>
    </testcase>
    <testcase classname="DemoBlaze Buy Function" name="Test Buy Function with invalid data" time="7.71">
        <failure message="expected [false] but found [true]" type="java.lang.AssertionError"><![CDATA[Given b-User is on cart and Clicks PlaceOrder...............................passed
When b-User Enters 1234 India Mumbai 123456789 April 22.....................passed
And b-User Clicks Purchase..................................................passed
Then b-validate unsuccessful purchase.......................................failed

StackTrace:
java.lang.AssertionError: expected [false] but found [true]
	at org.testng.Assert.fail(Assert.java:99)
	at org.testng.Assert.failNotEquals(Assert.java:1037)
	at org.testng.Assert.assertFalse(Assert.java:67)
	at org.testng.Assert.assertFalse(Assert.java:77)
	at StepDefinition.BuyStepDef.bvalidate_unsuccessful_purchase(BuyStepDef.java:85)
	at ✽.b-validate unsuccessful purchase(file:///C:/Users/admin/IdeaProjects/DemoBlaze/src/test/java/Feature/Buy.feature:25)
]]></failure>
    </testcase>
    <testcase classname="DemoBlaze Buy Function" name="Test Buy Function with invalid data 2" time="7.454">
        <failure message="expected [false] but found [true]" type="java.lang.AssertionError"><![CDATA[Given b-User is on cart and Clicks PlaceOrder...............................passed
When b-User Enters Rishab Mumbai Mumbai 123456789 April 22..................passed
And b-User Clicks Purchase..................................................passed
Then b-validate unsuccessful purchase.......................................failed

StackTrace:
java.lang.AssertionError: expected [false] but found [true]
	at org.testng.Assert.fail(Assert.java:99)
	at org.testng.Assert.failNotEquals(Assert.java:1037)
	at org.testng.Assert.assertFalse(Assert.java:67)
	at org.testng.Assert.assertFalse(Assert.java:77)
	at StepDefinition.BuyStepDef.bvalidate_unsuccessful_purchase(BuyStepDef.java:85)
	at ✽.b-validate unsuccessful purchase(file:///C:/Users/admin/IdeaProjects/DemoBlaze/src/test/java/Feature/Buy.feature:25)
]]></failure>
    </testcase>
    <testcase classname="DemoBlaze Buy Function" name="Test Buy Function with invalid data 3" time="16.204">
        <failure message="expected [false] but found [true]" type="java.lang.AssertionError"><![CDATA[Given b-User is on cart and Clicks PlaceOrder...............................passed
When b-User Enters Rishab India Maharashtra 123456789 April 22..............passed
And b-User Clicks Purchase..................................................passed
Then b-validate unsuccessful purchase.......................................failed

StackTrace:
java.lang.AssertionError: expected [false] but found [true]
	at org.testng.Assert.fail(Assert.java:99)
	at org.testng.Assert.failNotEquals(Assert.java:1037)
	at org.testng.Assert.assertFalse(Assert.java:67)
	at org.testng.Assert.assertFalse(Assert.java:77)
	at StepDefinition.BuyStepDef.bvalidate_unsuccessful_purchase(BuyStepDef.java:85)
	at ✽.b-validate unsuccessful purchase(file:///C:/Users/admin/IdeaProjects/DemoBlaze/src/test/java/Feature/Buy.feature:25)
]]></failure>
    </testcase>
    <testcase classname="DemoBlaze Buy Function" name="Test Buy Function with invalid data 4" time="22.145">
        <failure message="expected [false] but found [true]" type="java.lang.AssertionError"><![CDATA[Given b-User is on cart and Clicks PlaceOrder...............................passed
When b-User Enters Rishab India Mumbai asdf April 22........................passed
And b-User Clicks Purchase..................................................passed
Then b-validate unsuccessful purchase.......................................failed

StackTrace:
java.lang.AssertionError: expected [false] but found [true]
	at org.testng.Assert.fail(Assert.java:99)
	at org.testng.Assert.failNotEquals(Assert.java:1037)
	at org.testng.Assert.assertFalse(Assert.java:67)
	at org.testng.Assert.assertFalse(Assert.java:77)
	at StepDefinition.BuyStepDef.bvalidate_unsuccessful_purchase(BuyStepDef.java:85)
	at ✽.b-validate unsuccessful purchase(file:///C:/Users/admin/IdeaProjects/DemoBlaze/src/test/java/Feature/Buy.feature:25)
]]></failure>
    </testcase>
    <testcase classname="DemoBlaze Buy Function" name="Test Buy Function with invalid data 5" time="41.161">
        <failure message="expected [false] but found [true]" type="java.lang.AssertionError"><![CDATA[Given b-User is on cart and Clicks PlaceOrder...............................passed
When b-User Enters Rishab India Mumbai 123456789 Monday 22..................passed
And b-User Clicks Purchase..................................................passed
Then b-validate unsuccessful purchase.......................................failed

StackTrace:
java.lang.AssertionError: expected [false] but found [true]
	at org.testng.Assert.fail(Assert.java:99)
	at org.testng.Assert.failNotEquals(Assert.java:1037)
	at org.testng.Assert.assertFalse(Assert.java:67)
	at org.testng.Assert.assertFalse(Assert.java:77)
	at StepDefinition.BuyStepDef.bvalidate_unsuccessful_purchase(BuyStepDef.java:85)
	at ✽.b-validate unsuccessful purchase(file:///C:/Users/admin/IdeaProjects/DemoBlaze/src/test/java/Feature/Buy.feature:25)
]]></failure>
    </testcase>
    <testcase classname="DemoBlaze Buy Function" name="Test Buy Function with invalid data 6" time="39.853">
        <failure message="Expected condition failed: waiting for visibility of element located by By.xpath: //div[@id='orderModal']/div/div (tried for 10 second(s) with 500 milliseconds interval)&#10;Build info: version: '3.141.59', revision: 'e82be7d358', time: '2018-11-14T08:17:03'&#10;System info: host: 'DESKTOP-61Q59I9', ip: '192.168.1.105', os.name: 'Windows 10', os.arch: 'amd64', os.version: '10.0', java.version: '17'&#10;Driver info: org.openqa.selenium.chrome.ChromeDriver&#10;Capabilities {acceptInsecureCerts: false, browserName: chrome, browserVersion: 94.0.4606.71, chrome: {chromedriverVersion: 94.0.4606.61 (418b78f5838ed..., userDataDir: C:\Users\admin\AppData\Loca...}, goog:chromeOptions: {debuggerAddress: localhost:52349}, javascriptEnabled: true, networkConnectionEnabled: false, pageLoadStrategy: normal, platform: WINDOWS, platformName: WINDOWS, proxy: Proxy(), setWindowRect: true, strictFileInteractability: false, timeouts: {implicit: 0, pageLoad: 300000, script: 30000}, unhandledPromptBehavior: dismiss and notify, webauthn:extension:credBlob: true, webauthn:extension:largeBlob: true, webauthn:virtualAuthenticators: true}&#10;Session ID: 9bab737d6ecdb881fd7129aa7b7856b2" type="org.openqa.selenium.TimeoutException"><![CDATA[Given b-User is on cart and Clicks PlaceOrder...............................passed
When b-User Enters Rishab India Mumbai 123456789 April -122.................failed
And b-User Clicks Purchase..................................................skipped
Then b-validate unsuccessful purchase.......................................skipped

StackTrace:
org.openqa.selenium.TimeoutException: Expected condition failed: waiting for visibility of element located by By.xpath: //div[@id='orderModal']/div/div (tried for 10 second(s) with 500 milliseconds interval)
Build info: version: '3.141.59', revision: 'e82be7d358', time: '2018-11-14T08:17:03'
System info: host: 'DESKTOP-61Q59I9', ip: '192.168.1.105', os.name: 'Windows 10', os.arch: 'amd64', os.version: '10.0', java.version: '17'
Driver info: org.openqa.selenium.chrome.ChromeDriver
Capabilities {acceptInsecureCerts: false, browserName: chrome, browserVersion: 94.0.4606.71, chrome: {chromedriverVersion: 94.0.4606.61 (418b78f5838ed..., userDataDir: C:\Users\admin\AppData\Loca...}, goog:chromeOptions: {debuggerAddress: localhost:52349}, javascriptEnabled: true, networkConnectionEnabled: false, pageLoadStrategy: normal, platform: WINDOWS, platformName: WINDOWS, proxy: Proxy(), setWindowRect: true, strictFileInteractability: false, timeouts: {implicit: 0, pageLoad: 300000, script: 30000}, unhandledPromptBehavior: dismiss and notify, webauthn:extension:credBlob: true, webauthn:extension:largeBlob: true, webauthn:virtualAuthenticators: true}
Session ID: 9bab737d6ecdb881fd7129aa7b7856b2
	at org.openqa.selenium.support.ui.WebDriverWait.timeoutException(WebDriverWait.java:95)
	at org.openqa.selenium.support.ui.FluentWait.until(FluentWait.java:272)
	at StepDefinition.BuyStepDef.buser_enters(BuyStepDef.java:49)
	at ✽.b-User Enters Rishab India Mumbai 123456789 April -122(file:///C:/Users/admin/IdeaProjects/DemoBlaze/src/test/java/Feature/Buy.feature:23)
]]></failure>
    </testcase>
    <testcase classname="DemoBlaze Login Functionality" name="To validate the successfully Navigation to Demo_blaze Login page" time="35.398">
        <system-out><![CDATA[Given l-User enters DemoBlaze url...........................................passed
Then l-User should be able to navigate to url successfully..................passed
]]></system-out>
    </testcase>
    <testcase classname="DemoBlaze Login Functionality" name="Test Login Functionality" time="33.573">
        <failure message="unknown error: unhandled inspector error: {&quot;code&quot;:-32000,&quot;message&quot;:&quot;No target with given id&quot;}&#10;  (Session info: chrome=94.0.4606.71)&#10;Build info: version: '3.141.59', revision: 'e82be7d358', time: '2018-11-14T08:17:03'&#10;System info: host: 'DESKTOP-61Q59I9', ip: '192.168.1.105', os.name: 'Windows 10', os.arch: 'amd64', os.version: '10.0', java.version: '17'&#10;Driver info: org.openqa.selenium.chrome.ChromeDriver&#10;Capabilities {acceptInsecureCerts: false, browserName: chrome, browserVersion: 94.0.4606.71, chrome: {chromedriverVersion: 94.0.4606.61 (418b78f5838ed..., userDataDir: C:\Users\admin\AppData\Loca...}, goog:chromeOptions: {debuggerAddress: localhost:55936}, javascriptEnabled: true, networkConnectionEnabled: false, pageLoadStrategy: normal, platform: WINDOWS, platformName: WINDOWS, proxy: Proxy(), setWindowRect: true, strictFileInteractability: false, timeouts: {implicit: 0, pageLoad: 300000, script: 30000}, unhandledPromptBehavior: dismiss and notify, webauthn:extension:credBlob: true, webauthn:extension:largeBlob: true, webauthn:virtualAuthenticators: true}&#10;Session ID: 720825fd023bc97847796399cfa6c288" type="org.openqa.selenium.WebDriverException"><![CDATA[Given l-User is on Login Page...............................................failed
When l-User enters test and test............................................skipped
And l-User clicks on Login Button...........................................skipped
Then l-User should be able to Login successfully test.......................skipped

StackTrace:
org.openqa.selenium.WebDriverException: unknown error: unhandled inspector error: {"code":-32000,"message":"No target with given id"}
  (Session info: chrome=94.0.4606.71)
Build info: version: '3.141.59', revision: 'e82be7d358', time: '2018-11-14T08:17:03'
System info: host: 'DESKTOP-61Q59I9', ip: '192.168.1.105', os.name: 'Windows 10', os.arch: 'amd64', os.version: '10.0', java.version: '17'
Driver info: org.openqa.selenium.chrome.ChromeDriver
Capabilities {acceptInsecureCerts: false, browserName: chrome, browserVersion: 94.0.4606.71, chrome: {chromedriverVersion: 94.0.4606.61 (418b78f5838ed..., userDataDir: C:\Users\admin\AppData\Loca...}, goog:chromeOptions: {debuggerAddress: localhost:55936}, javascriptEnabled: true, networkConnectionEnabled: false, pageLoadStrategy: normal, platform: WINDOWS, platformName: WINDOWS, proxy: Proxy(), setWindowRect: true, strictFileInteractability: false, timeouts: {implicit: 0, pageLoad: 300000, script: 30000}, unhandledPromptBehavior: dismiss and notify, webauthn:extension:credBlob: true, webauthn:extension:largeBlob: true, webauthn:virtualAuthenticators: true}
Session ID: 720825fd023bc97847796399cfa6c288
	at java.base/jdk.internal.reflect.NativeConstructorAccessorImpl.newInstance0(Native Method)
	at java.base/jdk.internal.reflect.NativeConstructorAccessorImpl.newInstance(NativeConstructorAccessorImpl.java:77)
	at java.base/jdk.internal.reflect.DelegatingConstructorAccessorImpl.newInstance(DelegatingConstructorAccessorImpl.java:45)
	at java.base/java.lang.reflect.Constructor.newInstanceWithCaller(Constructor.java:499)
	at java.base/java.lang.reflect.Constructor.newInstance(Constructor.java:480)
	at org.openqa.selenium.remote.http.W3CHttpResponseCodec.createException(W3CHttpResponseCodec.java:187)
	at org.openqa.selenium.remote.http.W3CHttpResponseCodec.decode(W3CHttpResponseCodec.java:122)
	at org.openqa.selenium.remote.http.W3CHttpResponseCodec.decode(W3CHttpResponseCodec.java:49)
	at org.openqa.selenium.remote.HttpCommandExecutor.execute(HttpCommandExecutor.java:158)
	at org.openqa.selenium.remote.service.DriverCommandExecutor.execute(DriverCommandExecutor.java:83)
	at org.openqa.selenium.remote.RemoteWebDriver.execute(RemoteWebDriver.java:552)
	at org.openqa.selenium.remote.RemoteWebDriver.execute(RemoteWebDriver.java:609)
	at org.openqa.selenium.remote.RemoteWebDriver$RemoteWebDriverOptions$RemoteWindow.maximize(RemoteWebDriver.java:837)
	at com.page.LoginPage.loginPage(LoginPage.java:34)
	at StepDefinition.LoginStepDef.luser_is_on_login_page(LoginStepDef.java:34)
	at ✽.l-User is on Login Page(file:///C:/Users/admin/IdeaProjects/DemoBlaze/src/test/java/Feature/Login.feature:9)
]]></failure>
    </testcase>
    <testcase classname="DemoBlaze Login Functionality" name="Test Login Functionality 2" time="8.437">
        <system-out><![CDATA[Given l-User is on Login Page...............................................passed
When l-User enters admin and admin..........................................passed
And l-User clicks on Login Button...........................................passed
Then l-User should be able to Login successfully admin......................passed
]]></system-out>
    </testcase>
    <testcase classname="DemoBlaze Login Functionality" name="Test Login Functionality with invalid data." time="5.763">
        <system-out><![CDATA[Given l-User is on Login Page...............................................passed
When l-User enters test and test12..........................................passed
And l-User clicks on Login Button...........................................passed
Then l-User should be not able to Login successfully........................passed
]]></system-out>
    </testcase>
    <testcase classname="DemoBlaze Login Functionality" name="Test Login Functionality with invalid data. 2" time="5.302">
        <system-out><![CDATA[Given l-User is on Login Page...............................................passed
When l-User enters admin and admin12........................................passed
And l-User clicks on Login Button...........................................passed
Then l-User should be not able to Login successfully........................passed
]]></system-out>
    </testcase>
    <testcase classname="DemoBlaze Registration Functionality" name="To validate the sucessful Navigation to Demo_blaze Signup page" time="3.314">
        <system-out><![CDATA[Given r-User enters DemoBlaze url...........................................passed
Then r-User should be able to navigate to url successfully..................passed
]]></system-out>
    </testcase>
    <testcase classname="DemoBlaze Registration Functionality" name="Test Registration Functionality" time="5.048">
        <system-out><![CDATA[Given r-User is on Registration Page........................................passed
When r-User enters test and test123.........................................passed
And r-User clicks on Signup Button..........................................passed
Then r-User should be able to Register successfully.........................passed
]]></system-out>
    </testcase>
    <testcase classname="DemoBlaze Registration Functionality" name="Test Registration Functionality 2" time="6.09">
        <system-out><![CDATA[Given r-User is on Registration Page........................................passed
When r-User enters abc and abc123...........................................passed
And r-User clicks on Signup Button..........................................passed
Then r-User should be able to Register successfully.........................passed
]]></system-out>
    </testcase>
    <testcase classname="DemoBlaze Search Functionality" name="To validate that user can filter products by PHONE category" time="5.288">
        <system-out><![CDATA[Given User is on homepage...................................................passed
When User clicks on Phone category..........................................passed
Then User should be able to successfully filter products by PHONE category..passed
]]></system-out>
    </testcase>
    <testcase classname="DemoBlaze Search Functionality" name="To validate that user can filter products by LAPTOP category" time="5.491">
        <system-out><![CDATA[Given User is on homepage...................................................passed
When User clicks on LAPTOP category.........................................passed
Then User should be able to successfully filter products by LAPTOP category..passed
]]></system-out>
    </testcase>
    <testcase classname="DemoBlaze Search Functionality" name="To validate that user can filter products by MONITORS category" time="9.015">
        <system-out><![CDATA[Given User is on homepage...................................................passed
When User clicks on MONITOR category........................................passed
Then User should be able to successfully filter products by MONITORS category..passed
]]></system-out>
    </testcase>
    <testcase classname="DemoBlaze Search Functionality" name="To validate that add to cart button is functional." time="9.126">
        <system-out><![CDATA[Given User is on homepage...................................................passed
When User clicks on a product...............................................passed
And User clicks on add to cart button.......................................passed
And User clicks on cart button..............................................passed
Then User should be able to successfully see the product in their cart......passed
]]></system-out>
    </testcase>
</testsuite>
